<?xml version="1.0" encoding="UTF-8"?>
<coverage generated="1779498294546" clover="3.2.0">
  <project timestamp="1779498294546" name="All files">
    <metrics statements="9" coveredstatements="5" conditionals="2" coveredconditionals="0" methods="6" coveredmethods="3" elements="17" coveredelements="8" complexity="0" loc="9" ncloc="9" packages="1" files="1" classes="1"/>
    <file name="useNotificationStore.ts" path="/home/alboyonnn/Developments/simki/resources/js/stores/useNotificationStore.ts">
      <metrics statements="9" coveredstatements="5" conditionals="2" coveredconditionals="0" methods="6" coveredmethods="3"/>
      <line num="14" count="1" type="stmt"/>
      <line num="15" count="1" type="stmt"/>
      <line num="16" count="1" type="stmt"/>
      <line num="17" count="2" type="stmt"/>
      <line num="21" count="0" type="stmt"/>
      <line num="22" count="0" type="stmt"/>
      <line num="26" count="0" type="stmt"/>
      <line num="27" count="0" type="cond" truecount="0" falsecount="2"/>
      <line num="30" count="1" type="stmt"/>
    </file>
  </project>
</coverage>
