{
    "/home/alboyonnn/Developments/simki/resources/js/stores/useNotificationStore.ts": {
        "path": "/home/alboyonnn/Developments/simki/resources/js/stores/useNotificationStore.ts",
        "statementMap": {
            "0": { "start": { "line": 14, "column": 13 }, "end": { "line": 31, "column": null } },
            "1": { "start": { "line": 15, "column": 10 }, "end": { "line": 15, "column": null } },
            "2": { "start": { "line": 16, "column": 10 }, "end": { "line": 18, "column": null } },
            "3": { "start": { "line": 17, "column": 8 }, "end": { "line": 17, "column": null } },
            "4": { "start": { "line": 17, "column": 40 }, "end": { "line": 17, "column": 50 } },
            "5": { "start": { "line": 21, "column": 20 }, "end": { "line": 21, "column": null } },
            "6": { "start": { "line": 22, "column": 8 }, "end": { "line": 22, "column": null } },
            "7": { "start": { "line": 26, "column": 22 }, "end": { "line": 26, "column": null } },
            "8": { "start": { "line": 26, "column": 52 }, "end": { "line": 26, "column": 63 } },
            "9": { "start": { "line": 27, "column": 8 }, "end": { "line": 27, "column": null } },
            "10": { "start": { "line": 27, "column": 19 }, "end": { "line": 27, "column": null } },
            "11": { "start": { "line": 30, "column": 4 }, "end": { "line": 30, "column": null } }
        },
        "fnMap": {
            "0": {
                "name": "(anonymous_0)",
                "decl": {
                    "start": { "line": 14, "column": 48 },
                    "end": { "line": 14, "column": 70 }
                },
                "loc": {
                    "start": { "line": 14, "column": 70 },
                    "end": { "line": 31, "column": 1 }
                },
                "line": 14
            },
            "1": {
                "name": "(anonymous_1)",
                "decl": {
                    "start": { "line": 16, "column": 24 },
                    "end": { "line": 16, "column": null }
                },
                "loc": {
                    "start": { "line": 17, "column": 8 },
                    "end": { "line": 17, "column": null }
                },
                "line": 17
            },
            "2": {
                "name": "(anonymous_2)",
                "decl": {
                    "start": { "line": 17, "column": 28 },
                    "end": { "line": 17, "column": 35 }
                },
                "loc": {
                    "start": { "line": 17, "column": 40 },
                    "end": { "line": 17, "column": 50 }
                },
                "line": 17
            },
            "3": {
                "name": "fetchNotifications",
                "decl": {
                    "start": { "line": 20, "column": 19 },
                    "end": { "line": 20, "column": 40 }
                },
                "loc": {
                    "start": { "line": 20, "column": 40 },
                    "end": { "line": 23, "column": null }
                },
                "line": 20
            },
            "4": {
                "name": "markAsRead",
                "decl": {
                    "start": { "line": 25, "column": 13 },
                    "end": { "line": 25, "column": 24 }
                },
                "loc": {
                    "start": { "line": 25, "column": 36 },
                    "end": { "line": 28, "column": null }
                },
                "line": 25
            },
            "5": {
                "name": "(anonymous_5)",
                "decl": {
                    "start": { "line": 26, "column": 42 },
                    "end": { "line": 26, "column": 47 }
                },
                "loc": {
                    "start": { "line": 26, "column": 52 },
                    "end": { "line": 26, "column": 63 }
                },
                "line": 26
            }
        },
        "branchMap": {
            "0": {
                "loc": {
                    "start": { "line": 27, "column": 8 },
                    "end": { "line": 27, "column": null }
                },
                "type": "if",
                "locations": [
                    { "start": { "line": 27, "column": 8 }, "end": { "line": 27, "column": null } },
                    { "start": {}, "end": {} }
                ],
                "line": 27
            }
        },
        "s": {
            "0": 1,
            "1": 1,
            "2": 1,
            "3": 1,
            "4": 2,
            "5": 0,
            "6": 0,
            "7": 0,
            "8": 0,
            "9": 0,
            "10": 0,
            "11": 1
        },
        "f": { "0": 1, "1": 1, "2": 2, "3": 0, "4": 0, "5": 0 },
        "b": { "0": [0, 0] },
        "meta": {
            "lastBranch": 1,
            "lastFunction": 6,
            "lastStatement": 12,
            "seen": {
                "s:14:13:31:Infinity": 0,
                "f:14:48:14:70": 0,
                "s:15:10:15:Infinity": 1,
                "s:16:10:18:Infinity": 2,
                "f:16:24:16:Infinity": 1,
                "s:17:8:17:Infinity": 3,
                "f:17:28:17:35": 2,
                "s:17:40:17:50": 4,
                "f:20:19:20:40": 3,
                "s:21:20:21:Infinity": 5,
                "s:22:8:22:Infinity": 6,
                "f:25:13:25:24": 4,
                "s:26:22:26:Infinity": 7,
                "f:26:42:26:47": 5,
                "s:26:52:26:63": 8,
                "b:27:8:27:Infinity:undefined:undefined:undefined:undefined": 0,
                "s:27:8:27:Infinity": 9,
                "s:27:19:27:Infinity": 10,
                "s:30:4:30:Infinity": 11
            }
        }
    }
}
